<?xml version="1.0" encoding="UTF-8"?>
<testsuite name="cn.itsoruce.springboot.service.IUserServiceTest" time="0.787" tests="5" errors="0" skipped="0" failures="3">
  <properties>
[...]
</properties>
  <testcase name="testAdd" classname="cn.itsoruce.springboot.service.IUserServiceTest" time="0.708"/>
  <testcase name="testGetById" classname="cn.itsoruce.springboot.service.IUserServiceTest" time="0.001">
    <failure message="Not yet implemented" type="java.lang.AssertionError">java.lang.AssertionError: Not yet implemented
	at org.junit.Assert.fail(Assert.java:88)
	at cn.itsoruce.springboot.service.IUserServiceTest.testGetById(IUserServiceTest.java:43)
</failure>
  </testcase>
  <testcase name="testDelete" classname="cn.itsoruce.springboot.service.IUserServiceTest" time="0">
    <failure message="Not yet implemented" type="java.lang.AssertionError">java.lang.AssertionError: Not yet implemented
	at org.junit.Assert.fail(Assert.java:88)
	at cn.itsoruce.springboot.service.IUserServiceTest.testDelete(IUserServiceTest.java:33)
</failure>
  </testcase>
  <testcase name="testGetAll" classname="cn.itsoruce.springboot.service.IUserServiceTest" time="0.078"/>
  <testcase name="testUpdate" classname="cn.itsoruce.springboot.service.IUserServiceTest" time="0">
    <failure message="Not yet implemented" type="java.lang.AssertionError">java.lang.AssertionError: Not yet implemented
	at org.junit.Assert.fail(Assert.java:88)
	at cn.itsoruce.springboot.service.IUserServiceTest.testUpdate(IUserServiceTest.java:38)
</failure>
  </testcase>
</testsuite>